C51 COMPILER V9.55   MAIN                                                                  12/10/2020 17:24:17 PAGE 1   


C51 COMPILER V9.55, COMPILATION OF MODULE MAIN
OBJECT MODULE PLACED IN .\Objects\main.obj
COMPILER INVOKED BY: C:\Keil_v5\C51\BIN\C51.EXE Listings\MAIN\main.c OPTIMIZE(8,SPEED) BROWSE INCDIR(.\Listings\I2C;.\Li
                    -stings\MAIN;.\Listings\RDA5807;.\Listings\System) DEBUG OBJECTEXTEND PRINT(.\Listings\main.lst) OBJECT(.\Objects\main.ob
                    -j)

line level    source

   1          #include "main.h"
   2          
   3          int FRE_RDA5807 = 8880;//设置频率
   4          unsigned int RSSI_RDA5807 = 0;//读取信号强度
   5          unsigned char VOL_RDA5807 = 8;//设置音量
   6          void main()
   7          {
   8   1          Uart_init();//初始化串口
   9   1          TI = 1;
  10   1          //初始化RDA5807
  11   1          if(RDA5807P_Intialization())
  12   1          {
  13   2              printf("FM Init OK!\n");
  14   2              Delay_Ms_(600);
  15   2              Delay_Ms_(600);
  16   2          }
  17   1          else
  18   1          {
  19   2              printf("FM Init Fail!\n");
  20   2              while(1);
  21   2          }
  22   1          //设置初始频率
  23   1              RDA5807P_SetFreq(FRE_RDA5807);
  24   1          printf("FM_FRE = %d\n",FRE_RDA5807);
  25   1          //设置当前频率信号强度
  26   1          RSSI_RDA5807 = RDA5807P_GetSigLvl();
  27   1          printf("FM_RSSI = %d\n",RSSI_RDA5807);
  28   1          //设置当前音量值
  29   1          RDA5807P_SetVolumeLevel(VOL_RDA5807);
  30   1          printf("FM_VOL = %X\n",VOL_RDA5807);
  31   1          //初始化通过进入大循环
  32   1          while(1)
  33   1          {
  34   2              Delay_Ms_(100);
  35   2          }
  36   1      }


MODULE INFORMATION:   STATIC OVERLAYABLE
   CODE SIZE        =    116    ----
   CONSTANT SIZE    =     68    ----
   XDATA SIZE       =   ----    ----
   PDATA SIZE       =   ----    ----
   DATA SIZE        =      5    ----
   IDATA SIZE       =   ----    ----
   BIT SIZE         =   ----    ----
END OF MODULE INFORMATION.


C51 COMPILATION COMPLETE.  0 WARNING(S),  0 ERROR(S)
